CRITICAL - 2021-10-11 03:40:33 --> Unable to connect to the database.
#0 D:\APP\stunting\vendor\codeigniter4\framework\system\Database\BaseConnection.php(646): CodeIgniter\Database\BaseConnection->initialize()
#1 D:\APP\stunting\vendor\codeigniter4\framework\system\Database\BaseBuilder.php(1860): CodeIgniter\Database\BaseConnection->query('SELECT *\nFROM `...', Array, false)
#2 D:\APP\stunting\vendor\codeigniter4\framework\system\Model.php(1818): CodeIgniter\Database\BaseBuilder->get()
#3 D:\APP\stunting\app\Models\UserModel.php(18): CodeIgniter\Model->__call('get', Array)
#4 D:\APP\stunting\app\Controllers\Login.php(35): App\Models\UserModel->login('bryand-j', '1234')
#5 D:\APP\stunting\vendor\codeigniter4\framework\system\CodeIgniter.php(918): App\Controllers\Login->in()
#6 D:\APP\stunting\vendor\codeigniter4\framework\system\CodeIgniter.php(404): CodeIgniter\CodeIgniter->runController(Object(App\Controllers\Login))
#7 D:\APP\stunting\vendor\codeigniter4\framework\system\CodeIgniter.php(312): CodeIgniter\CodeIgniter->handleRequest(NULL, Object(Config\Cache), false)
#8 D:\APP\stunting\public\index.php(45): CodeIgniter\CodeIgniter->run()
#9 D:\APP\stunting\vendor\codeigniter4\framework\system\Commands\Server\rewrite.php(34): require_once('D:\\APP\\stunting...')
#10 {main}
CRITICAL - 2021-10-11 03:43:36 --> Unable to connect to the database.
#0 D:\APP\stunting\vendor\codeigniter4\framework\system\Database\BaseConnection.php(646): CodeIgniter\Database\BaseConnection->initialize()
#1 D:\APP\stunting\vendor\codeigniter4\framework\system\Database\BaseBuilder.php(1860): CodeIgniter\Database\BaseConnection->query('SELECT *\nFROM `...', Array, false)
#2 D:\APP\stunting\vendor\codeigniter4\framework\system\Model.php(1818): CodeIgniter\Database\BaseBuilder->get()
#3 D:\APP\stunting\app\Models\UserModel.php(18): CodeIgniter\Model->__call('get', Array)
#4 D:\APP\stunting\app\Controllers\Login.php(35): App\Models\UserModel->login('bryand-j', '1234')
#5 D:\APP\stunting\vendor\codeigniter4\framework\system\CodeIgniter.php(918): App\Controllers\Login->in()
#6 D:\APP\stunting\vendor\codeigniter4\framework\system\CodeIgniter.php(404): CodeIgniter\CodeIgniter->runController(Object(App\Controllers\Login))
#7 D:\APP\stunting\vendor\codeigniter4\framework\system\CodeIgniter.php(312): CodeIgniter\CodeIgniter->handleRequest(NULL, Object(Config\Cache), false)
#8 D:\APP\stunting\public\index.php(45): CodeIgniter\CodeIgniter->run()
#9 D:\APP\stunting\vendor\codeigniter4\framework\system\Commands\Server\rewrite.php(34): require_once('D:\\APP\\stunting...')
#10 {main}
CRITICAL - 2021-10-11 03:46:12 --> Unable to connect to the database.
#0 D:\APP\stunting\vendor\codeigniter4\framework\system\Database\BaseConnection.php(646): CodeIgniter\Database\BaseConnection->initialize()
#1 D:\APP\stunting\vendor\codeigniter4\framework\system\Database\BaseBuilder.php(1860): CodeIgniter\Database\BaseConnection->query('SELECT *\nFROM `...', Array, false)
#2 D:\APP\stunting\vendor\codeigniter4\framework\system\Model.php(1818): CodeIgniter\Database\BaseBuilder->get()
#3 D:\APP\stunting\app\Models\UserModel.php(18): CodeIgniter\Model->__call('get', Array)
#4 D:\APP\stunting\app\Controllers\Login.php(35): App\Models\UserModel->login('bryand-j', '1234')
#5 D:\APP\stunting\vendor\codeigniter4\framework\system\CodeIgniter.php(918): App\Controllers\Login->in()
#6 D:\APP\stunting\vendor\codeigniter4\framework\system\CodeIgniter.php(404): CodeIgniter\CodeIgniter->runController(Object(App\Controllers\Login))
#7 D:\APP\stunting\vendor\codeigniter4\framework\system\CodeIgniter.php(312): CodeIgniter\CodeIgniter->handleRequest(NULL, Object(Config\Cache), false)
#8 D:\APP\stunting\public\index.php(45): CodeIgniter\CodeIgniter->run()
#9 D:\APP\stunting\vendor\codeigniter4\framework\system\Commands\Server\rewrite.php(34): require_once('D:\\APP\\stunting...')
#10 {main}
CRITICAL - 2021-10-11 06:36:05 --> Table 'db_stunting.berita_indikator' doesn't exist
#0 D:\APP\stunting\vendor\codeigniter4\framework\system\Database\MySQLi\Connection.php(331): mysqli->query('SELECT `berita_...')
#1 D:\APP\stunting\vendor\codeigniter4\framework\system\Database\BaseConnection.php(741): CodeIgniter\Database\MySQLi\Connection->execute('SELECT `berita_...')
#2 D:\APP\stunting\vendor\codeigniter4\framework\system\Database\BaseConnection.php(669): CodeIgniter\Database\BaseConnection->simpleQuery('SELECT `berita_...')
#3 D:\APP\stunting\vendor\codeigniter4\framework\system\Database\BaseBuilder.php(1860): CodeIgniter\Database\BaseConnection->query('SELECT `berita_...', Array, false)
#4 D:\APP\stunting\app\Models\BeritaIndikatorModel.php(29): CodeIgniter\Database\BaseBuilder->get()
#5 D:\APP\stunting\app\Controllers\admin\BeritaIndikator.php(22): App\Models\BeritaIndikatorModel->getAll()
#6 D:\APP\stunting\vendor\codeigniter4\framework\system\CodeIgniter.php(918): App\Controllers\Admin\BeritaIndikator->table()
#7 D:\APP\stunting\vendor\codeigniter4\framework\system\CodeIgniter.php(404): CodeIgniter\CodeIgniter->runController(Object(App\Controllers\Admin\BeritaIndikator))
#8 D:\APP\stunting\vendor\codeigniter4\framework\system\CodeIgniter.php(312): CodeIgniter\CodeIgniter->handleRequest(NULL, Object(Config\Cache), false)
#9 D:\APP\stunting\public\index.php(45): CodeIgniter\CodeIgniter->run()
#10 D:\APP\stunting\vendor\codeigniter4\framework\system\Commands\Server\rewrite.php(34): require_once('D:\\APP\\stunting...')
#11 {main}
CRITICAL - 2021-10-11 06:40:14 --> syntax error, unexpected '{', expecting variable (T_VARIABLE)
#0 D:\APP\stunting\vendor\codeigniter4\framework\system\Autoloader\Autoloader.php(296): CodeIgniter\Autoloader\Autoloader->requireFile('D:\\APP\\stunting...')
#1 D:\APP\stunting\vendor\codeigniter4\framework\system\Autoloader\Autoloader.php(258): CodeIgniter\Autoloader\Autoloader->loadInNamespace('App\\Controllers...')
#2 [internal function]: CodeIgniter\Autoloader\Autoloader->loadClass('App\\Controllers...')
#3 [internal function]: spl_autoload_call('App\\Controllers...')
#4 D:\APP\stunting\vendor\codeigniter4\framework\system\CodeIgniter.php(869): class_exists('\\App\\Controller...', true)
#5 D:\APP\stunting\vendor\codeigniter4\framework\system\CodeIgniter.php(394): CodeIgniter\CodeIgniter->startController()
#6 D:\APP\stunting\vendor\codeigniter4\framework\system\CodeIgniter.php(312): CodeIgniter\CodeIgniter->handleRequest(NULL, Object(Config\Cache), false)
#7 D:\APP\stunting\public\index.php(45): CodeIgniter\CodeIgniter->run()
#8 D:\APP\stunting\vendor\codeigniter4\framework\system\Commands\Server\rewrite.php(34): require_once('D:\\APP\\stunting...')
#9 {main}
CRITICAL - 2021-10-11 06:40:14 --> syntax error, unexpected '{', expecting variable (T_VARIABLE)
#0 D:\APP\stunting\vendor\codeigniter4\framework\system\Autoloader\Autoloader.php(296): CodeIgniter\Autoloader\Autoloader->requireFile('D:\\APP\\stunting...')
#1 D:\APP\stunting\vendor\codeigniter4\framework\system\Autoloader\Autoloader.php(258): CodeIgniter\Autoloader\Autoloader->loadInNamespace('App\\Controllers...')
#2 [internal function]: CodeIgniter\Autoloader\Autoloader->loadClass('App\\Controllers...')
#3 [internal function]: spl_autoload_call('App\\Controllers...')
#4 D:\APP\stunting\vendor\codeigniter4\framework\system\CodeIgniter.php(869): class_exists('\\App\\Controller...', true)
#5 D:\APP\stunting\vendor\codeigniter4\framework\system\CodeIgniter.php(394): CodeIgniter\CodeIgniter->startController()
#6 D:\APP\stunting\vendor\codeigniter4\framework\system\CodeIgniter.php(312): CodeIgniter\CodeIgniter->handleRequest(NULL, Object(Config\Cache), false)
#7 D:\APP\stunting\public\index.php(45): CodeIgniter\CodeIgniter->run()
#8 D:\APP\stunting\vendor\codeigniter4\framework\system\Commands\Server\rewrite.php(34): require_once('D:\\APP\\stunting...')
#9 {main}
