CRITICAL - 2021-11-19 19:36:09 --> Unable to connect to the database.
Main connection [MySQLi]: No connection could be made because the target machine actively refused it
#0 D:\APP\CI4\stunting\vendor\codeigniter4\framework\system\Database\BaseConnection.php(570): CodeIgniter\Database\BaseConnection->initialize()
#1 D:\APP\CI4\stunting\vendor\codeigniter4\framework\system\Database\BaseBuilder.php(1428): CodeIgniter\Database\BaseConnection->query('SELECT *\nFROM `...', Array, false)
#2 D:\APP\CI4\stunting\vendor\codeigniter4\framework\system\Model.php(720): CodeIgniter\Database\BaseBuilder->get()
#3 D:\APP\CI4\stunting\app\Models\UserModel.php(18): CodeIgniter\Model->__call('get', Array)
#4 D:\APP\CI4\stunting\app\Controllers\Login.php(36): App\Models\UserModel->login('bryand-j', '12345')
#5 D:\APP\CI4\stunting\vendor\codeigniter4\framework\system\CodeIgniter.php(802): App\Controllers\Login->in()
#6 D:\APP\CI4\stunting\vendor\codeigniter4\framework\system\CodeIgniter.php(399): CodeIgniter\CodeIgniter->runController(Object(App\Controllers\Login))
#7 D:\APP\CI4\stunting\vendor\codeigniter4\framework\system\CodeIgniter.php(317): CodeIgniter\CodeIgniter->handleRequest(NULL, Object(Config\Cache), false)
#8 D:\APP\CI4\stunting\public\index.php(45): CodeIgniter\CodeIgniter->run()
#9 D:\APP\CI4\stunting\vendor\codeigniter4\framework\system\Commands\Server\rewrite.php(43): require_once('D:\\APP\\CI4\\stun...')
#10 {main}
CRITICAL - 2021-11-19 19:40:26 --> The original file is not a valid file.
#0 D:\APP\CI4\stunting\vendor\codeigniter4\framework\system\HTTP\Files\UploadedFile.php(137): CodeIgniter\HTTP\Exceptions\HTTPException::forInvalidFile()
#1 D:\APP\CI4\stunting\app\Controllers\admin\Profile.php(55): CodeIgniter\HTTP\Files\UploadedFile->move('../public/struk...', '1637372425_1fd5...', true)
#2 D:\APP\CI4\stunting\vendor\codeigniter4\framework\system\CodeIgniter.php(802): App\Controllers\Admin\Profile->update()
#3 D:\APP\CI4\stunting\vendor\codeigniter4\framework\system\CodeIgniter.php(399): CodeIgniter\CodeIgniter->runController(Object(App\Controllers\Admin\Profile))
#4 D:\APP\CI4\stunting\vendor\codeigniter4\framework\system\CodeIgniter.php(317): CodeIgniter\CodeIgniter->handleRequest(NULL, Object(Config\Cache), false)
#5 D:\APP\CI4\stunting\public\index.php(45): CodeIgniter\CodeIgniter->run()
#6 D:\APP\CI4\stunting\vendor\codeigniter4\framework\system\Commands\Server\rewrite.php(43): require_once('D:\\APP\\CI4\\stun...')
#7 {main}
CRITICAL - 2021-11-19 20:10:41 --> Call to a member function getResultArray() on bool
#0 D:\APP\CI4\stunting\app\Controllers\admin\BeritaIndikator.php(22): App\Models\BeritaIndikatorModel->getAll()
#1 D:\APP\CI4\stunting\vendor\codeigniter4\framework\system\CodeIgniter.php(802): App\Controllers\Admin\BeritaIndikator->table()
#2 D:\APP\CI4\stunting\vendor\codeigniter4\framework\system\CodeIgniter.php(399): CodeIgniter\CodeIgniter->runController(Object(App\Controllers\Admin\BeritaIndikator))
#3 D:\APP\CI4\stunting\vendor\codeigniter4\framework\system\CodeIgniter.php(317): CodeIgniter\CodeIgniter->handleRequest(NULL, Object(Config\Cache), false)
#4 D:\APP\CI4\stunting\public\index.php(45): CodeIgniter\CodeIgniter->run()
#5 D:\APP\CI4\stunting\vendor\codeigniter4\framework\system\Commands\Server\rewrite.php(43): require_once('D:\\APP\\CI4\\stun...')
#6 {main}
CRITICAL - 2021-11-19 20:11:08 --> Call to a member function getResultArray() on bool
#0 D:\APP\CI4\stunting\app\Controllers\admin\BeritaIndikator.php(22): App\Models\BeritaIndikatorModel->getAll()
#1 D:\APP\CI4\stunting\vendor\codeigniter4\framework\system\CodeIgniter.php(802): App\Controllers\Admin\BeritaIndikator->table()
#2 D:\APP\CI4\stunting\vendor\codeigniter4\framework\system\CodeIgniter.php(399): CodeIgniter\CodeIgniter->runController(Object(App\Controllers\Admin\BeritaIndikator))
#3 D:\APP\CI4\stunting\vendor\codeigniter4\framework\system\CodeIgniter.php(317): CodeIgniter\CodeIgniter->handleRequest(NULL, Object(Config\Cache), false)
#4 D:\APP\CI4\stunting\public\index.php(45): CodeIgniter\CodeIgniter->run()
#5 D:\APP\CI4\stunting\vendor\codeigniter4\framework\system\Commands\Server\rewrite.php(43): require_once('D:\\APP\\CI4\\stun...')
#6 {main}
CRITICAL - 2021-11-19 20:11:16 --> Call to a member function getResultArray() on bool
#0 D:\APP\CI4\stunting\app\Controllers\admin\BeritaIndikator.php(22): App\Models\BeritaIndikatorModel->getAll()
#1 D:\APP\CI4\stunting\vendor\codeigniter4\framework\system\CodeIgniter.php(802): App\Controllers\Admin\BeritaIndikator->table()
#2 D:\APP\CI4\stunting\vendor\codeigniter4\framework\system\CodeIgniter.php(399): CodeIgniter\CodeIgniter->runController(Object(App\Controllers\Admin\BeritaIndikator))
#3 D:\APP\CI4\stunting\vendor\codeigniter4\framework\system\CodeIgniter.php(317): CodeIgniter\CodeIgniter->handleRequest(NULL, Object(Config\Cache), false)
#4 D:\APP\CI4\stunting\public\index.php(45): CodeIgniter\CodeIgniter->run()
#5 D:\APP\CI4\stunting\vendor\codeigniter4\framework\system\Commands\Server\rewrite.php(43): require_once('D:\\APP\\CI4\\stun...')
#6 {main}
CRITICAL - 2021-11-19 20:13:00 --> Call to a member function getResultArray() on bool
#0 D:\APP\CI4\stunting\app\Controllers\admin\BeritaIndikator.php(22): App\Models\BeritaIndikatorModel->getAll()
#1 D:\APP\CI4\stunting\vendor\codeigniter4\framework\system\CodeIgniter.php(802): App\Controllers\Admin\BeritaIndikator->table()
#2 D:\APP\CI4\stunting\vendor\codeigniter4\framework\system\CodeIgniter.php(399): CodeIgniter\CodeIgniter->runController(Object(App\Controllers\Admin\BeritaIndikator))
#3 D:\APP\CI4\stunting\vendor\codeigniter4\framework\system\CodeIgniter.php(317): CodeIgniter\CodeIgniter->handleRequest(NULL, Object(Config\Cache), false)
#4 D:\APP\CI4\stunting\public\index.php(45): CodeIgniter\CodeIgniter->run()
#5 D:\APP\CI4\stunting\vendor\codeigniter4\framework\system\Commands\Server\rewrite.php(43): require_once('D:\\APP\\CI4\\stun...')
#6 {main}
CRITICAL - 2021-11-19 20:13:55 --> Table 'db_stunting.berita_indikator' doesn't exist
#0 D:\APP\CI4\stunting\vendor\codeigniter4\framework\system\Database\MySQLi\Connection.php(280): mysqli->query('SELECT `berita_...')
#1 D:\APP\CI4\stunting\vendor\codeigniter4\framework\system\Database\BaseConnection.php(663): CodeIgniter\Database\MySQLi\Connection->execute('SELECT `berita_...')
#2 D:\APP\CI4\stunting\vendor\codeigniter4\framework\system\Database\BaseConnection.php(591): CodeIgniter\Database\BaseConnection->simpleQuery('SELECT `berita_...')
#3 D:\APP\CI4\stunting\vendor\codeigniter4\framework\system\Database\BaseBuilder.php(1428): CodeIgniter\Database\BaseConnection->query('SELECT `berita_...', Array, false)
#4 D:\APP\CI4\stunting\app\Models\BeritaIndikatorModel.php(29): CodeIgniter\Database\BaseBuilder->get()
#5 D:\APP\CI4\stunting\app\Controllers\admin\BeritaIndikator.php(22): App\Models\BeritaIndikatorModel->getAll()
#6 D:\APP\CI4\stunting\vendor\codeigniter4\framework\system\CodeIgniter.php(802): App\Controllers\Admin\BeritaIndikator->table()
#7 D:\APP\CI4\stunting\vendor\codeigniter4\framework\system\CodeIgniter.php(399): CodeIgniter\CodeIgniter->runController(Object(App\Controllers\Admin\BeritaIndikator))
#8 D:\APP\CI4\stunting\vendor\codeigniter4\framework\system\CodeIgniter.php(317): CodeIgniter\CodeIgniter->handleRequest(NULL, Object(Config\Cache), false)
#9 D:\APP\CI4\stunting\public\index.php(45): CodeIgniter\CodeIgniter->run()
#10 D:\APP\CI4\stunting\vendor\codeigniter4\framework\system\Commands\Server\rewrite.php(43): require_once('D:\\APP\\CI4\\stun...')
#11 {main}
CRITICAL - 2021-11-19 20:26:44 --> The original file is not a valid file.
#0 D:\APP\CI4\stunting\vendor\codeigniter4\framework\system\HTTP\Files\UploadedFile.php(137): CodeIgniter\HTTP\Exceptions\HTTPException::forInvalidFile()
#1 D:\APP\CI4\stunting\app\Controllers\admin\Profile.php(55): CodeIgniter\HTTP\Files\UploadedFile->move('../public/struk...', '1637375204_9db5...', true)
#2 D:\APP\CI4\stunting\vendor\codeigniter4\framework\system\CodeIgniter.php(802): App\Controllers\Admin\Profile->update()
#3 D:\APP\CI4\stunting\vendor\codeigniter4\framework\system\CodeIgniter.php(399): CodeIgniter\CodeIgniter->runController(Object(App\Controllers\Admin\Profile))
#4 D:\APP\CI4\stunting\vendor\codeigniter4\framework\system\CodeIgniter.php(317): CodeIgniter\CodeIgniter->handleRequest(NULL, Object(Config\Cache), false)
#5 D:\APP\CI4\stunting\public\index.php(45): CodeIgniter\CodeIgniter->run()
#6 D:\APP\CI4\stunting\vendor\codeigniter4\framework\system\Commands\Server\rewrite.php(43): require_once('D:\\APP\\CI4\\stun...')
#7 {main}
CRITICAL - 2021-11-19 20:27:18 --> The original file is not a valid file.
#0 D:\APP\CI4\stunting\vendor\codeigniter4\framework\system\HTTP\Files\UploadedFile.php(137): CodeIgniter\HTTP\Exceptions\HTTPException::forInvalidFile()
#1 D:\APP\CI4\stunting\app\Controllers\admin\Profile.php(55): CodeIgniter\HTTP\Files\UploadedFile->move('../public/struk...', '1637375238_60c4...', true)
#2 D:\APP\CI4\stunting\vendor\codeigniter4\framework\system\CodeIgniter.php(802): App\Controllers\Admin\Profile->update()
#3 D:\APP\CI4\stunting\vendor\codeigniter4\framework\system\CodeIgniter.php(399): CodeIgniter\CodeIgniter->runController(Object(App\Controllers\Admin\Profile))
#4 D:\APP\CI4\stunting\vendor\codeigniter4\framework\system\CodeIgniter.php(317): CodeIgniter\CodeIgniter->handleRequest(NULL, Object(Config\Cache), false)
#5 D:\APP\CI4\stunting\public\index.php(45): CodeIgniter\CodeIgniter->run()
#6 D:\APP\CI4\stunting\vendor\codeigniter4\framework\system\Commands\Server\rewrite.php(43): require_once('D:\\APP\\CI4\\stun...')
#7 {main}
CRITICAL - 2021-11-19 20:27:38 --> The original file is not a valid file.
#0 D:\APP\CI4\stunting\vendor\codeigniter4\framework\system\HTTP\Files\UploadedFile.php(137): CodeIgniter\HTTP\Exceptions\HTTPException::forInvalidFile()
#1 D:\APP\CI4\stunting\app\Controllers\admin\Profile.php(55): CodeIgniter\HTTP\Files\UploadedFile->move('../public/struk...', '1637375258_d237...', true)
#2 D:\APP\CI4\stunting\vendor\codeigniter4\framework\system\CodeIgniter.php(802): App\Controllers\Admin\Profile->update()
#3 D:\APP\CI4\stunting\vendor\codeigniter4\framework\system\CodeIgniter.php(399): CodeIgniter\CodeIgniter->runController(Object(App\Controllers\Admin\Profile))
#4 D:\APP\CI4\stunting\vendor\codeigniter4\framework\system\CodeIgniter.php(317): CodeIgniter\CodeIgniter->handleRequest(NULL, Object(Config\Cache), false)
#5 D:\APP\CI4\stunting\public\index.php(45): CodeIgniter\CodeIgniter->run()
#6 D:\APP\CI4\stunting\vendor\codeigniter4\framework\system\Commands\Server\rewrite.php(43): require_once('D:\\APP\\CI4\\stun...')
#7 {main}
CRITICAL - 2021-11-19 20:29:28 --> Trying to access array offset on value of type null
#0 D:\APP\CI4\stunting\app\Views\profile\index.php(43): CodeIgniter\Debug\Exceptions->errorHandler(2, 'Trying to acces...', 'D:\\APP\\CI4\\stun...', 43)
#1 D:\APP\CI4\stunting\vendor\codeigniter4\framework\system\View\View.php(214): include('D:\\APP\\CI4\\stun...')
#2 D:\APP\CI4\stunting\vendor\codeigniter4\framework\system\View\View.php(217): CodeIgniter\View\View->CodeIgniter\View\{closure}()
#3 D:\APP\CI4\stunting\vendor\codeigniter4\framework\system\Common.php(1092): CodeIgniter\View\View->render('profile/index', Array, true)
#4 D:\APP\CI4\stunting\app\Controllers\MyProfile.php(19): view('profile/index', Array)
#5 D:\APP\CI4\stunting\vendor\codeigniter4\framework\system\CodeIgniter.php(802): App\Controllers\MyProfile->index()
#6 D:\APP\CI4\stunting\vendor\codeigniter4\framework\system\CodeIgniter.php(399): CodeIgniter\CodeIgniter->runController(Object(App\Controllers\MyProfile))
#7 D:\APP\CI4\stunting\vendor\codeigniter4\framework\system\CodeIgniter.php(317): CodeIgniter\CodeIgniter->handleRequest(NULL, Object(Config\Cache), false)
#8 D:\APP\CI4\stunting\public\index.php(45): CodeIgniter\CodeIgniter->run()
#9 D:\APP\CI4\stunting\vendor\codeigniter4\framework\system\Commands\Server\rewrite.php(43): require_once('D:\\APP\\CI4\\stun...')
#10 {main}
CRITICAL - 2021-11-19 20:29:45 --> Trying to access array offset on value of type null
#0 D:\APP\CI4\stunting\app\Views\profile\index.php(43): CodeIgniter\Debug\Exceptions->errorHandler(2, 'Trying to acces...', 'D:\\APP\\CI4\\stun...', 43)
#1 D:\APP\CI4\stunting\vendor\codeigniter4\framework\system\View\View.php(214): include('D:\\APP\\CI4\\stun...')
#2 D:\APP\CI4\stunting\vendor\codeigniter4\framework\system\View\View.php(217): CodeIgniter\View\View->CodeIgniter\View\{closure}()
#3 D:\APP\CI4\stunting\vendor\codeigniter4\framework\system\Common.php(1092): CodeIgniter\View\View->render('profile/index', Array, true)
#4 D:\APP\CI4\stunting\app\Controllers\MyProfile.php(19): view('profile/index', Array)
#5 D:\APP\CI4\stunting\vendor\codeigniter4\framework\system\CodeIgniter.php(802): App\Controllers\MyProfile->index()
#6 D:\APP\CI4\stunting\vendor\codeigniter4\framework\system\CodeIgniter.php(399): CodeIgniter\CodeIgniter->runController(Object(App\Controllers\MyProfile))
#7 D:\APP\CI4\stunting\vendor\codeigniter4\framework\system\CodeIgniter.php(317): CodeIgniter\CodeIgniter->handleRequest(NULL, Object(Config\Cache), false)
#8 D:\APP\CI4\stunting\public\index.php(45): CodeIgniter\CodeIgniter->run()
#9 D:\APP\CI4\stunting\vendor\codeigniter4\framework\system\Commands\Server\rewrite.php(43): require_once('D:\\APP\\CI4\\stun...')
#10 {main}
