CRITICAL - 2015-06-16 10:50:37 --> Invalid file: admin/BeritaIndikatorIndikator/subheader.php
#0 D:\APPS\WEB-APP\CI-4\stunting\vendor\codeigniter4\framework\system\View\View.php(228): CodeIgniter\Exceptions\FrameworkException::forInvalidFile('admin/BeritaInd...')
#1 D:\APPS\WEB-APP\CI-4\stunting\vendor\codeigniter4\framework\system\Common.php(1119): CodeIgniter\View\View->render('admin/BeritaInd...', Array, true)
#2 D:\APPS\WEB-APP\CI-4\stunting\app\Views\admin\beritaIndikator\index.php(5): view('admin/BeritaInd...')
#3 D:\APPS\WEB-APP\CI-4\stunting\vendor\codeigniter4\framework\system\View\View.php(246): include('D:\\APPS\\WEB-APP...')
#4 D:\APPS\WEB-APP\CI-4\stunting\vendor\codeigniter4\framework\system\Common.php(1119): CodeIgniter\View\View->render('admin/beritaInd...', Array, true)
#5 D:\APPS\WEB-APP\CI-4\stunting\app\Controllers\admin\BeritaIndikator.php(16): view('admin/beritaInd...', Array)
#6 D:\APPS\WEB-APP\CI-4\stunting\vendor\codeigniter4\framework\system\CodeIgniter.php(918): App\Controllers\Admin\BeritaIndikator->index()
#7 D:\APPS\WEB-APP\CI-4\stunting\vendor\codeigniter4\framework\system\CodeIgniter.php(404): CodeIgniter\CodeIgniter->runController(Object(App\Controllers\Admin\BeritaIndikator))
#8 D:\APPS\WEB-APP\CI-4\stunting\vendor\codeigniter4\framework\system\CodeIgniter.php(312): CodeIgniter\CodeIgniter->handleRequest(NULL, Object(Config\Cache), false)
#9 D:\APPS\WEB-APP\CI-4\stunting\public\index.php(45): CodeIgniter\CodeIgniter->run()
#10 D:\APPS\WEB-APP\CI-4\stunting\vendor\codeigniter4\framework\system\Commands\Server\rewrite.php(34): require_once('D:\\APPS\\WEB-APP...')
#11 {main}
CRITICAL - 2015-06-16 10:51:32 --> Unknown column 'berita.delete_at' in 'where clause'
#0 D:\APPS\WEB-APP\CI-4\stunting\vendor\codeigniter4\framework\system\Database\MySQLi\Connection.php(331): mysqli->query('SELECT `berita_...')
#1 D:\APPS\WEB-APP\CI-4\stunting\vendor\codeigniter4\framework\system\Database\BaseConnection.php(741): CodeIgniter\Database\MySQLi\Connection->execute('SELECT `berita_...')
#2 D:\APPS\WEB-APP\CI-4\stunting\vendor\codeigniter4\framework\system\Database\BaseConnection.php(669): CodeIgniter\Database\BaseConnection->simpleQuery('SELECT `berita_...')
#3 D:\APPS\WEB-APP\CI-4\stunting\vendor\codeigniter4\framework\system\Database\BaseBuilder.php(1860): CodeIgniter\Database\BaseConnection->query('SELECT `berita_...', Array, false)
#4 D:\APPS\WEB-APP\CI-4\stunting\app\Models\BeritaIndikatorModel.php(29): CodeIgniter\Database\BaseBuilder->get()
#5 D:\APPS\WEB-APP\CI-4\stunting\app\Controllers\admin\BeritaIndikator.php(22): App\Models\BeritaIndikatorModel->getAll()
#6 D:\APPS\WEB-APP\CI-4\stunting\vendor\codeigniter4\framework\system\CodeIgniter.php(918): App\Controllers\Admin\BeritaIndikator->table()
#7 D:\APPS\WEB-APP\CI-4\stunting\vendor\codeigniter4\framework\system\CodeIgniter.php(404): CodeIgniter\CodeIgniter->runController(Object(App\Controllers\Admin\BeritaIndikator))
#8 D:\APPS\WEB-APP\CI-4\stunting\vendor\codeigniter4\framework\system\CodeIgniter.php(312): CodeIgniter\CodeIgniter->handleRequest(NULL, Object(Config\Cache), false)
#9 D:\APPS\WEB-APP\CI-4\stunting\public\index.php(45): CodeIgniter\CodeIgniter->run()
#10 D:\APPS\WEB-APP\CI-4\stunting\vendor\codeigniter4\framework\system\Commands\Server\rewrite.php(34): require_once('D:\\APPS\\WEB-APP...')
#11 {main}
CRITICAL - 2015-06-16 10:52:02 --> Unknown column 'berita.delete_at' in 'where clause'
#0 D:\APPS\WEB-APP\CI-4\stunting\vendor\codeigniter4\framework\system\Database\MySQLi\Connection.php(331): mysqli->query('SELECT `berita_...')
#1 D:\APPS\WEB-APP\CI-4\stunting\vendor\codeigniter4\framework\system\Database\BaseConnection.php(741): CodeIgniter\Database\MySQLi\Connection->execute('SELECT `berita_...')
#2 D:\APPS\WEB-APP\CI-4\stunting\vendor\codeigniter4\framework\system\Database\BaseConnection.php(669): CodeIgniter\Database\BaseConnection->simpleQuery('SELECT `berita_...')
#3 D:\APPS\WEB-APP\CI-4\stunting\vendor\codeigniter4\framework\system\Database\BaseBuilder.php(1860): CodeIgniter\Database\BaseConnection->query('SELECT `berita_...', Array, false)
#4 D:\APPS\WEB-APP\CI-4\stunting\app\Models\BeritaIndikatorModel.php(29): CodeIgniter\Database\BaseBuilder->get()
#5 D:\APPS\WEB-APP\CI-4\stunting\app\Controllers\admin\BeritaIndikator.php(22): App\Models\BeritaIndikatorModel->getAll()
#6 D:\APPS\WEB-APP\CI-4\stunting\vendor\codeigniter4\framework\system\CodeIgniter.php(918): App\Controllers\Admin\BeritaIndikator->table()
#7 D:\APPS\WEB-APP\CI-4\stunting\vendor\codeigniter4\framework\system\CodeIgniter.php(404): CodeIgniter\CodeIgniter->runController(Object(App\Controllers\Admin\BeritaIndikator))
#8 D:\APPS\WEB-APP\CI-4\stunting\vendor\codeigniter4\framework\system\CodeIgniter.php(312): CodeIgniter\CodeIgniter->handleRequest(NULL, Object(Config\Cache), false)
#9 D:\APPS\WEB-APP\CI-4\stunting\public\index.php(45): CodeIgniter\CodeIgniter->run()
#10 D:\APPS\WEB-APP\CI-4\stunting\vendor\codeigniter4\framework\system\Commands\Server\rewrite.php(34): require_once('D:\\APPS\\WEB-APP...')
#11 {main}
CRITICAL - 2015-06-16 10:53:00 --> Unknown column 'berita_indikator.delete_at' in 'where clause'
#0 D:\APPS\WEB-APP\CI-4\stunting\vendor\codeigniter4\framework\system\Database\MySQLi\Connection.php(331): mysqli->query('SELECT `berita_...')
#1 D:\APPS\WEB-APP\CI-4\stunting\vendor\codeigniter4\framework\system\Database\BaseConnection.php(741): CodeIgniter\Database\MySQLi\Connection->execute('SELECT `berita_...')
#2 D:\APPS\WEB-APP\CI-4\stunting\vendor\codeigniter4\framework\system\Database\BaseConnection.php(669): CodeIgniter\Database\BaseConnection->simpleQuery('SELECT `berita_...')
#3 D:\APPS\WEB-APP\CI-4\stunting\vendor\codeigniter4\framework\system\Database\BaseBuilder.php(1860): CodeIgniter\Database\BaseConnection->query('SELECT `berita_...', Array, false)
#4 D:\APPS\WEB-APP\CI-4\stunting\app\Models\BeritaIndikatorModel.php(29): CodeIgniter\Database\BaseBuilder->get()
#5 D:\APPS\WEB-APP\CI-4\stunting\app\Controllers\admin\BeritaIndikator.php(22): App\Models\BeritaIndikatorModel->getAll()
#6 D:\APPS\WEB-APP\CI-4\stunting\vendor\codeigniter4\framework\system\CodeIgniter.php(918): App\Controllers\Admin\BeritaIndikator->table()
#7 D:\APPS\WEB-APP\CI-4\stunting\vendor\codeigniter4\framework\system\CodeIgniter.php(404): CodeIgniter\CodeIgniter->runController(Object(App\Controllers\Admin\BeritaIndikator))
#8 D:\APPS\WEB-APP\CI-4\stunting\vendor\codeigniter4\framework\system\CodeIgniter.php(312): CodeIgniter\CodeIgniter->handleRequest(NULL, Object(Config\Cache), false)
#9 D:\APPS\WEB-APP\CI-4\stunting\public\index.php(45): CodeIgniter\CodeIgniter->run()
#10 D:\APPS\WEB-APP\CI-4\stunting\vendor\codeigniter4\framework\system\Commands\Server\rewrite.php(34): require_once('D:\\APPS\\WEB-APP...')
#11 {main}
CRITICAL - 2015-06-16 10:53:08 --> Unknown column 'berita_indikator.delete_at' in 'where clause'
#0 D:\APPS\WEB-APP\CI-4\stunting\vendor\codeigniter4\framework\system\Database\MySQLi\Connection.php(331): mysqli->query('SELECT `berita_...')
#1 D:\APPS\WEB-APP\CI-4\stunting\vendor\codeigniter4\framework\system\Database\BaseConnection.php(741): CodeIgniter\Database\MySQLi\Connection->execute('SELECT `berita_...')
#2 D:\APPS\WEB-APP\CI-4\stunting\vendor\codeigniter4\framework\system\Database\BaseConnection.php(669): CodeIgniter\Database\BaseConnection->simpleQuery('SELECT `berita_...')
#3 D:\APPS\WEB-APP\CI-4\stunting\vendor\codeigniter4\framework\system\Database\BaseBuilder.php(1860): CodeIgniter\Database\BaseConnection->query('SELECT `berita_...', Array, false)
#4 D:\APPS\WEB-APP\CI-4\stunting\app\Models\BeritaIndikatorModel.php(29): CodeIgniter\Database\BaseBuilder->get()
#5 D:\APPS\WEB-APP\CI-4\stunting\app\Controllers\admin\BeritaIndikator.php(22): App\Models\BeritaIndikatorModel->getAll()
#6 D:\APPS\WEB-APP\CI-4\stunting\vendor\codeigniter4\framework\system\CodeIgniter.php(918): App\Controllers\Admin\BeritaIndikator->table()
#7 D:\APPS\WEB-APP\CI-4\stunting\vendor\codeigniter4\framework\system\CodeIgniter.php(404): CodeIgniter\CodeIgniter->runController(Object(App\Controllers\Admin\BeritaIndikator))
#8 D:\APPS\WEB-APP\CI-4\stunting\vendor\codeigniter4\framework\system\CodeIgniter.php(312): CodeIgniter\CodeIgniter->handleRequest(NULL, Object(Config\Cache), false)
#9 D:\APPS\WEB-APP\CI-4\stunting\public\index.php(45): CodeIgniter\CodeIgniter->run()
#10 D:\APPS\WEB-APP\CI-4\stunting\vendor\codeigniter4\framework\system\Commands\Server\rewrite.php(34): require_once('D:\\APPS\\WEB-APP...')
#11 {main}
CRITICAL - 2015-06-16 10:56:37 --> Undefined index: id_kategori
#0 D:\APPS\WEB-APP\CI-4\stunting\app\Views\admin\beritaIndikator\formAdd.php(27): CodeIgniter\Debug\Exceptions->errorHandler(8, 'Undefined index...', 'D:\\APPS\\WEB-APP...', 27, Array)
#1 D:\APPS\WEB-APP\CI-4\stunting\vendor\codeigniter4\framework\system\View\View.php(246): include('D:\\APPS\\WEB-APP...')
#2 D:\APPS\WEB-APP\CI-4\stunting\vendor\codeigniter4\framework\system\Common.php(1119): CodeIgniter\View\View->render('admin/beritaInd...', Array, true)
#3 D:\APPS\WEB-APP\CI-4\stunting\app\Controllers\admin\BeritaIndikator.php(45): view('admin/beritaInd...', Array)
#4 D:\APPS\WEB-APP\CI-4\stunting\vendor\codeigniter4\framework\system\CodeIgniter.php(918): App\Controllers\Admin\BeritaIndikator->formAdd()
#5 D:\APPS\WEB-APP\CI-4\stunting\vendor\codeigniter4\framework\system\CodeIgniter.php(404): CodeIgniter\CodeIgniter->runController(Object(App\Controllers\Admin\BeritaIndikator))
#6 D:\APPS\WEB-APP\CI-4\stunting\vendor\codeigniter4\framework\system\CodeIgniter.php(312): CodeIgniter\CodeIgniter->handleRequest(NULL, Object(Config\Cache), false)
#7 D:\APPS\WEB-APP\CI-4\stunting\public\index.php(45): CodeIgniter\CodeIgniter->run()
#8 D:\APPS\WEB-APP\CI-4\stunting\vendor\codeigniter4\framework\system\Commands\Server\rewrite.php(34): require_once('D:\\APPS\\WEB-APP...')
#9 {main}
CRITICAL - 2015-06-16 11:02:38 --> Undefined index: id_berita
#0 D:\APPS\WEB-APP\CI-4\stunting\app\Views\admin\beritaIndikator\formEdit.php(11): CodeIgniter\Debug\Exceptions->errorHandler(8, 'Undefined index...', 'D:\\APPS\\WEB-APP...', 11, Array)
#1 D:\APPS\WEB-APP\CI-4\stunting\vendor\codeigniter4\framework\system\View\View.php(246): include('D:\\APPS\\WEB-APP...')
#2 D:\APPS\WEB-APP\CI-4\stunting\vendor\codeigniter4\framework\system\Common.php(1119): CodeIgniter\View\View->render('admin/beritaInd...', Array, true)
#3 D:\APPS\WEB-APP\CI-4\stunting\app\Controllers\admin\BeritaIndikator.php(35): view('admin/beritaInd...', Array)
#4 D:\APPS\WEB-APP\CI-4\stunting\vendor\codeigniter4\framework\system\CodeIgniter.php(918): App\Controllers\Admin\BeritaIndikator->formEdit('2')
#5 D:\APPS\WEB-APP\CI-4\stunting\vendor\codeigniter4\framework\system\CodeIgniter.php(404): CodeIgniter\CodeIgniter->runController(Object(App\Controllers\Admin\BeritaIndikator))
#6 D:\APPS\WEB-APP\CI-4\stunting\vendor\codeigniter4\framework\system\CodeIgniter.php(312): CodeIgniter\CodeIgniter->handleRequest(NULL, Object(Config\Cache), false)
#7 D:\APPS\WEB-APP\CI-4\stunting\public\index.php(45): CodeIgniter\CodeIgniter->run()
#8 D:\APPS\WEB-APP\CI-4\stunting\vendor\codeigniter4\framework\system\Commands\Server\rewrite.php(34): require_once('D:\\APPS\\WEB-APP...')
#9 {main}
CRITICAL - 2015-06-16 11:33:22 --> Class 'App\Models\EmbedModel' not found
#0 D:\APPS\WEB-APP\CI-4\stunting\vendor\codeigniter4\framework\system\CodeIgniter.php(918): App\Controllers\Admin\Embed->table()
#1 D:\APPS\WEB-APP\CI-4\stunting\vendor\codeigniter4\framework\system\CodeIgniter.php(404): CodeIgniter\CodeIgniter->runController(Object(App\Controllers\Admin\Embed))
#2 D:\APPS\WEB-APP\CI-4\stunting\vendor\codeigniter4\framework\system\CodeIgniter.php(312): CodeIgniter\CodeIgniter->handleRequest(NULL, Object(Config\Cache), false)
#3 D:\APPS\WEB-APP\CI-4\stunting\public\index.php(45): CodeIgniter\CodeIgniter->run()
#4 D:\APPS\WEB-APP\CI-4\stunting\vendor\codeigniter4\framework\system\Commands\Server\rewrite.php(34): require_once('D:\\APPS\\WEB-APP...')
#5 {main}
CRITICAL - 2015-06-16 23:08:01 --> Undefined index: peran_pokja
#0 D:\APPS\WEB-APP\CI-4\stunting\app\Views\admin\profile\index.php(90): CodeIgniter\Debug\Exceptions->errorHandler(8, 'Undefined index...', 'D:\\APPS\\WEB-APP...', 90, Array)
#1 D:\APPS\WEB-APP\CI-4\stunting\vendor\codeigniter4\framework\system\View\View.php(246): include('D:\\APPS\\WEB-APP...')
#2 D:\APPS\WEB-APP\CI-4\stunting\vendor\codeigniter4\framework\system\Common.php(1119): CodeIgniter\View\View->render('admin/profile/i...', Array, true)
#3 D:\APPS\WEB-APP\CI-4\stunting\app\Controllers\admin\Profile.php(16): view('admin/profile/i...', Array)
#4 D:\APPS\WEB-APP\CI-4\stunting\vendor\codeigniter4\framework\system\CodeIgniter.php(918): App\Controllers\Admin\Profile->index()
#5 D:\APPS\WEB-APP\CI-4\stunting\vendor\codeigniter4\framework\system\CodeIgniter.php(404): CodeIgniter\CodeIgniter->runController(Object(App\Controllers\Admin\Profile))
#6 D:\APPS\WEB-APP\CI-4\stunting\vendor\codeigniter4\framework\system\CodeIgniter.php(312): CodeIgniter\CodeIgniter->handleRequest(NULL, Object(Config\Cache), false)
#7 D:\APPS\WEB-APP\CI-4\stunting\public\index.php(45): CodeIgniter\CodeIgniter->run()
#8 D:\APPS\WEB-APP\CI-4\stunting\vendor\codeigniter4\framework\system\Commands\Server\rewrite.php(34): require_once('D:\\APPS\\WEB-APP...')
#9 {main}
CRITICAL - 2015-06-16 23:11:56 --> Undefined index: struktur_org
#0 D:\APPS\WEB-APP\CI-4\stunting\app\Views\admin\profile\index.php(95): CodeIgniter\Debug\Exceptions->errorHandler(8, 'Undefined index...', 'D:\\APPS\\WEB-APP...', 95, Array)
#1 D:\APPS\WEB-APP\CI-4\stunting\vendor\codeigniter4\framework\system\View\View.php(246): include('D:\\APPS\\WEB-APP...')
#2 D:\APPS\WEB-APP\CI-4\stunting\vendor\codeigniter4\framework\system\Common.php(1119): CodeIgniter\View\View->render('admin/profile/i...', Array, true)
#3 D:\APPS\WEB-APP\CI-4\stunting\app\Controllers\admin\Profile.php(16): view('admin/profile/i...', Array)
#4 D:\APPS\WEB-APP\CI-4\stunting\vendor\codeigniter4\framework\system\CodeIgniter.php(918): App\Controllers\Admin\Profile->index()
#5 D:\APPS\WEB-APP\CI-4\stunting\vendor\codeigniter4\framework\system\CodeIgniter.php(404): CodeIgniter\CodeIgniter->runController(Object(App\Controllers\Admin\Profile))
#6 D:\APPS\WEB-APP\CI-4\stunting\vendor\codeigniter4\framework\system\CodeIgniter.php(312): CodeIgniter\CodeIgniter->handleRequest(NULL, Object(Config\Cache), false)
#7 D:\APPS\WEB-APP\CI-4\stunting\public\index.php(45): CodeIgniter\CodeIgniter->run()
#8 D:\APPS\WEB-APP\CI-4\stunting\vendor\codeigniter4\framework\system\Commands\Server\rewrite.php(34): require_once('D:\\APPS\\WEB-APP...')
#9 {main}
CRITICAL - 2015-06-16 23:12:57 --> Undefined index: struktur_org
#0 D:\APPS\WEB-APP\CI-4\stunting\app\Views\admin\profile\index.php(95): CodeIgniter\Debug\Exceptions->errorHandler(8, 'Undefined index...', 'D:\\APPS\\WEB-APP...', 95, Array)
#1 D:\APPS\WEB-APP\CI-4\stunting\vendor\codeigniter4\framework\system\View\View.php(246): include('D:\\APPS\\WEB-APP...')
#2 D:\APPS\WEB-APP\CI-4\stunting\vendor\codeigniter4\framework\system\Common.php(1119): CodeIgniter\View\View->render('admin/profile/i...', Array, true)
#3 D:\APPS\WEB-APP\CI-4\stunting\app\Controllers\admin\Profile.php(16): view('admin/profile/i...', Array)
#4 D:\APPS\WEB-APP\CI-4\stunting\vendor\codeigniter4\framework\system\CodeIgniter.php(918): App\Controllers\Admin\Profile->index()
#5 D:\APPS\WEB-APP\CI-4\stunting\vendor\codeigniter4\framework\system\CodeIgniter.php(404): CodeIgniter\CodeIgniter->runController(Object(App\Controllers\Admin\Profile))
#6 D:\APPS\WEB-APP\CI-4\stunting\vendor\codeigniter4\framework\system\CodeIgniter.php(312): CodeIgniter\CodeIgniter->handleRequest(NULL, Object(Config\Cache), false)
#7 D:\APPS\WEB-APP\CI-4\stunting\public\index.php(45): CodeIgniter\CodeIgniter->run()
#8 D:\APPS\WEB-APP\CI-4\stunting\vendor\codeigniter4\framework\system\Commands\Server\rewrite.php(34): require_once('D:\\APPS\\WEB-APP...')
#9 {main}
CRITICAL - 2015-06-16 23:12:58 --> Undefined index: struktur_org
#0 D:\APPS\WEB-APP\CI-4\stunting\app\Views\admin\profile\index.php(95): CodeIgniter\Debug\Exceptions->errorHandler(8, 'Undefined index...', 'D:\\APPS\\WEB-APP...', 95, Array)
#1 D:\APPS\WEB-APP\CI-4\stunting\vendor\codeigniter4\framework\system\View\View.php(246): include('D:\\APPS\\WEB-APP...')
#2 D:\APPS\WEB-APP\CI-4\stunting\vendor\codeigniter4\framework\system\Common.php(1119): CodeIgniter\View\View->render('admin/profile/i...', Array, true)
#3 D:\APPS\WEB-APP\CI-4\stunting\app\Controllers\admin\Profile.php(16): view('admin/profile/i...', Array)
#4 D:\APPS\WEB-APP\CI-4\stunting\vendor\codeigniter4\framework\system\CodeIgniter.php(918): App\Controllers\Admin\Profile->index()
#5 D:\APPS\WEB-APP\CI-4\stunting\vendor\codeigniter4\framework\system\CodeIgniter.php(404): CodeIgniter\CodeIgniter->runController(Object(App\Controllers\Admin\Profile))
#6 D:\APPS\WEB-APP\CI-4\stunting\vendor\codeigniter4\framework\system\CodeIgniter.php(312): CodeIgniter\CodeIgniter->handleRequest(NULL, Object(Config\Cache), false)
#7 D:\APPS\WEB-APP\CI-4\stunting\public\index.php(45): CodeIgniter\CodeIgniter->run()
#8 D:\APPS\WEB-APP\CI-4\stunting\vendor\codeigniter4\framework\system\Commands\Server\rewrite.php(34): require_once('D:\\APPS\\WEB-APP...')
#9 {main}
