CRITICAL - 2021-12-03 08:14:14 --> Invalid file: login/index.php
#0 D:\APP\CI4\cari-kost\vendor\codeigniter4\framework\system\View\View.php(198): CodeIgniter\Exceptions\FrameworkException::forInvalidFile('login/index.php')
#1 D:\APP\CI4\cari-kost\vendor\codeigniter4\framework\system\Common.php(1092): CodeIgniter\View\View->render('login/index', Array, true)
#2 D:\APP\CI4\cari-kost\app\Controllers\Login.php(14): view('login/index', Array)
#3 D:\APP\CI4\cari-kost\vendor\codeigniter4\framework\system\CodeIgniter.php(802): App\Controllers\Login->index()
#4 D:\APP\CI4\cari-kost\vendor\codeigniter4\framework\system\CodeIgniter.php(399): CodeIgniter\CodeIgniter->runController(Object(App\Controllers\Login))
#5 D:\APP\CI4\cari-kost\vendor\codeigniter4\framework\system\CodeIgniter.php(317): CodeIgniter\CodeIgniter->handleRequest(NULL, Object(Config\Cache), false)
#6 D:\APP\CI4\cari-kost\public\index.php(45): CodeIgniter\CodeIgniter->run()
#7 D:\APP\CI4\cari-kost\vendor\codeigniter4\framework\system\Commands\Server\rewrite.php(43): require_once('D:\\APP\\CI4\\cari...')
#8 {main}
CRITICAL - 2021-12-03 08:14:42 --> Invalid file: partials/_script.php
#0 D:\APP\CI4\cari-kost\vendor\codeigniter4\framework\system\View\View.php(198): CodeIgniter\Exceptions\FrameworkException::forInvalidFile('partials/_scrip...')
#1 D:\APP\CI4\cari-kost\vendor\codeigniter4\framework\system\Common.php(1092): CodeIgniter\View\View->render('partials/_scrip...', Array, true)
#2 D:\APP\CI4\cari-kost\app\Views\admin\user\index.php(56): view('partials/_scrip...')
#3 D:\APP\CI4\cari-kost\vendor\codeigniter4\framework\system\View\View.php(214): include('D:\\APP\\CI4\\cari...')
#4 D:\APP\CI4\cari-kost\vendor\codeigniter4\framework\system\View\View.php(217): CodeIgniter\View\View->CodeIgniter\View\{closure}()
#5 D:\APP\CI4\cari-kost\vendor\codeigniter4\framework\system\Common.php(1092): CodeIgniter\View\View->render('admin/user/inde...', Array, true)
#6 D:\APP\CI4\cari-kost\app\Controllers\admin\User.php(14): view('admin/user/inde...', Array)
#7 D:\APP\CI4\cari-kost\vendor\codeigniter4\framework\system\CodeIgniter.php(802): App\Controllers\Admin\User->index()
#8 D:\APP\CI4\cari-kost\vendor\codeigniter4\framework\system\CodeIgniter.php(399): CodeIgniter\CodeIgniter->runController(Object(App\Controllers\Admin\User))
#9 D:\APP\CI4\cari-kost\vendor\codeigniter4\framework\system\CodeIgniter.php(317): CodeIgniter\CodeIgniter->handleRequest(NULL, Object(Config\Cache), false)
#10 D:\APP\CI4\cari-kost\public\index.php(45): CodeIgniter\CodeIgniter->run()
#11 D:\APP\CI4\cari-kost\vendor\codeigniter4\framework\system\Commands\Server\rewrite.php(43): require_once('D:\\APP\\CI4\\cari...')
#12 {main}
CRITICAL - 2021-12-03 08:16:12 --> Invalid file: partials/_extras/offcanvas/quick-user.php
#0 D:\APP\CI4\cari-kost\vendor\codeigniter4\framework\system\View\View.php(198): CodeIgniter\Exceptions\FrameworkException::forInvalidFile('partials/_extra...')
#1 D:\APP\CI4\cari-kost\vendor\codeigniter4\framework\system\Common.php(1092): CodeIgniter\View\View->render('partials/_extra...', Array, true)
#2 D:\APP\CI4\cari-kost\app\Views\admin\partials\_script.php(13): view('partials/_extra...')
#3 D:\APP\CI4\cari-kost\vendor\codeigniter4\framework\system\View\View.php(214): include('D:\\APP\\CI4\\cari...')
#4 D:\APP\CI4\cari-kost\vendor\codeigniter4\framework\system\View\View.php(217): CodeIgniter\View\View->CodeIgniter\View\{closure}()
#5 D:\APP\CI4\cari-kost\vendor\codeigniter4\framework\system\Common.php(1092): CodeIgniter\View\View->render('admin/partials/...', Array, true)
#6 D:\APP\CI4\cari-kost\app\Views\admin\user\index.php(56): view('admin/partials/...')
#7 D:\APP\CI4\cari-kost\vendor\codeigniter4\framework\system\View\View.php(214): include('D:\\APP\\CI4\\cari...')
#8 D:\APP\CI4\cari-kost\vendor\codeigniter4\framework\system\View\View.php(217): CodeIgniter\View\View->CodeIgniter\View\{closure}()
#9 D:\APP\CI4\cari-kost\vendor\codeigniter4\framework\system\Common.php(1092): CodeIgniter\View\View->render('admin/user/inde...', Array, true)
#10 D:\APP\CI4\cari-kost\app\Controllers\admin\User.php(14): view('admin/user/inde...', Array)
#11 D:\APP\CI4\cari-kost\vendor\codeigniter4\framework\system\CodeIgniter.php(802): App\Controllers\Admin\User->index()
#12 D:\APP\CI4\cari-kost\vendor\codeigniter4\framework\system\CodeIgniter.php(399): CodeIgniter\CodeIgniter->runController(Object(App\Controllers\Admin\User))
#13 D:\APP\CI4\cari-kost\vendor\codeigniter4\framework\system\CodeIgniter.php(317): CodeIgniter\CodeIgniter->handleRequest(NULL, Object(Config\Cache), false)
#14 D:\APP\CI4\cari-kost\public\index.php(45): CodeIgniter\CodeIgniter->run()
#15 D:\APP\CI4\cari-kost\vendor\codeigniter4\framework\system\Commands\Server\rewrite.php(43): require_once('D:\\APP\\CI4\\cari...')
#16 {main}
CRITICAL - 2021-12-03 09:36:12 --> Undefined variable $data
#0 D:\APP\CI4\cari-kost\app\Views\admin\user\index.php(64): CodeIgniter\Debug\Exceptions->errorHandler(2, 'Undefined varia...', 'D:\\APP\\CI4\\cari...', 64)
#1 D:\APP\CI4\cari-kost\vendor\codeigniter4\framework\system\View\View.php(214): include('D:\\APP\\CI4\\cari...')
#2 D:\APP\CI4\cari-kost\vendor\codeigniter4\framework\system\View\View.php(217): CodeIgniter\View\View->CodeIgniter\View\{closure}()
#3 D:\APP\CI4\cari-kost\vendor\codeigniter4\framework\system\Common.php(1092): CodeIgniter\View\View->render('admin/user/inde...', Array, true)
#4 D:\APP\CI4\cari-kost\app\Controllers\admin\User.php(14): view('admin/user/inde...', Array)
#5 D:\APP\CI4\cari-kost\vendor\codeigniter4\framework\system\CodeIgniter.php(802): App\Controllers\Admin\User->index()
#6 D:\APP\CI4\cari-kost\vendor\codeigniter4\framework\system\CodeIgniter.php(399): CodeIgniter\CodeIgniter->runController(Object(App\Controllers\Admin\User))
#7 D:\APP\CI4\cari-kost\vendor\codeigniter4\framework\system\CodeIgniter.php(317): CodeIgniter\CodeIgniter->handleRequest(NULL, Object(Config\Cache), false)
#8 D:\APP\CI4\cari-kost\public\index.php(45): CodeIgniter\CodeIgniter->run()
#9 D:\APP\CI4\cari-kost\vendor\codeigniter4\framework\system\Commands\Server\rewrite.php(43): require_once('D:\\APP\\CI4\\cari...')
#10 {main}
CRITICAL - 2021-12-03 09:36:14 --> Undefined variable $data
#0 D:\APP\CI4\cari-kost\app\Views\admin\user\index.php(64): CodeIgniter\Debug\Exceptions->errorHandler(2, 'Undefined varia...', 'D:\\APP\\CI4\\cari...', 64)
#1 D:\APP\CI4\cari-kost\vendor\codeigniter4\framework\system\View\View.php(214): include('D:\\APP\\CI4\\cari...')
#2 D:\APP\CI4\cari-kost\vendor\codeigniter4\framework\system\View\View.php(217): CodeIgniter\View\View->CodeIgniter\View\{closure}()
#3 D:\APP\CI4\cari-kost\vendor\codeigniter4\framework\system\Common.php(1092): CodeIgniter\View\View->render('admin/user/inde...', Array, true)
#4 D:\APP\CI4\cari-kost\app\Controllers\admin\User.php(14): view('admin/user/inde...', Array)
#5 D:\APP\CI4\cari-kost\vendor\codeigniter4\framework\system\CodeIgniter.php(802): App\Controllers\Admin\User->index()
#6 D:\APP\CI4\cari-kost\vendor\codeigniter4\framework\system\CodeIgniter.php(399): CodeIgniter\CodeIgniter->runController(Object(App\Controllers\Admin\User))
#7 D:\APP\CI4\cari-kost\vendor\codeigniter4\framework\system\CodeIgniter.php(317): CodeIgniter\CodeIgniter->handleRequest(NULL, Object(Config\Cache), false)
#8 D:\APP\CI4\cari-kost\public\index.php(45): CodeIgniter\CodeIgniter->run()
#9 D:\APP\CI4\cari-kost\vendor\codeigniter4\framework\system\Commands\Server\rewrite.php(43): require_once('D:\\APP\\CI4\\cari...')
#10 {main}
