CRITICAL - 2021-12-07 00:19:40 --> Call to undefined method CodeIgniter\Database\MySQLi\Builder::getNumRows()
#0 D:\APP\CI4\cari-kost\app\Helpers\app_helper.php(13): App\Models\KostModel->favorit('1', '2')
#1 D:\APP\CI4\cari-kost\app\Views\user\eksplor\favorit.php(42): isfav('1', '2')
#2 D:\APP\CI4\cari-kost\vendor\codeigniter4\framework\system\View\View.php(214): include('D:\\APP\\CI4\\cari...')
#3 D:\APP\CI4\cari-kost\vendor\codeigniter4\framework\system\View\View.php(217): CodeIgniter\View\View->CodeIgniter\View\{closure}()
#4 D:\APP\CI4\cari-kost\vendor\codeigniter4\framework\system\Common.php(1092): CodeIgniter\View\View->render('user/eksplor/fa...', Array, true)
#5 D:\APP\CI4\cari-kost\app\Controllers\Favorit.php(15): view('user/eksplor/fa...', Array)
#6 D:\APP\CI4\cari-kost\vendor\codeigniter4\framework\system\CodeIgniter.php(802): App\Controllers\Favorit->index()
#7 D:\APP\CI4\cari-kost\vendor\codeigniter4\framework\system\CodeIgniter.php(399): CodeIgniter\CodeIgniter->runController(Object(App\Controllers\Favorit))
#8 D:\APP\CI4\cari-kost\vendor\codeigniter4\framework\system\CodeIgniter.php(317): CodeIgniter\CodeIgniter->handleRequest(NULL, Object(Config\Cache), false)
#9 D:\APP\CI4\cari-kost\public\index.php(45): CodeIgniter\CodeIgniter->run()
#10 D:\APP\CI4\cari-kost\vendor\codeigniter4\framework\system\Commands\Server\rewrite.php(43): require_once('D:\\APP\\CI4\\cari...')
#11 {main}
CRITICAL - 2021-12-07 19:52:30 --> Unknown column 'pemilik' in 'where clause'
#0 D:\APP\CI4\cari-kost\vendor\codeigniter4\framework\system\Database\MySQLi\Connection.php(280): mysqli->query('SELECT *\nFROM `...')
#1 D:\APP\CI4\cari-kost\vendor\codeigniter4\framework\system\Database\BaseConnection.php(663): CodeIgniter\Database\MySQLi\Connection->execute('SELECT *\nFROM `...')
#2 D:\APP\CI4\cari-kost\vendor\codeigniter4\framework\system\Database\BaseConnection.php(591): CodeIgniter\Database\BaseConnection->simpleQuery('SELECT *\nFROM `...')
#3 D:\APP\CI4\cari-kost\vendor\codeigniter4\framework\system\Database\BaseBuilder.php(1428): CodeIgniter\Database\BaseConnection->query('SELECT *\nFROM `...', Array, false)
#4 D:\APP\CI4\cari-kost\app\Models\PenggunaModel.php(27): CodeIgniter\Database\BaseBuilder->get()
#5 D:\APP\CI4\cari-kost\app\Controllers\admin\Pemilik.php(23): App\Models\PenggunaModel->pemilik()
#6 D:\APP\CI4\cari-kost\vendor\codeigniter4\framework\system\CodeIgniter.php(802): App\Controllers\Admin\Pemilik->table()
#7 D:\APP\CI4\cari-kost\vendor\codeigniter4\framework\system\CodeIgniter.php(399): CodeIgniter\CodeIgniter->runController(Object(App\Controllers\Admin\Pemilik))
#8 D:\APP\CI4\cari-kost\vendor\codeigniter4\framework\system\CodeIgniter.php(317): CodeIgniter\CodeIgniter->handleRequest(NULL, Object(Config\Cache), false)
#9 D:\APP\CI4\cari-kost\public\index.php(45): CodeIgniter\CodeIgniter->run()
#10 D:\APP\CI4\cari-kost\vendor\codeigniter4\framework\system\Commands\Server\rewrite.php(43): require_once('D:\\APP\\CI4\\cari...')
#11 {main}
CRITICAL - 2021-12-07 19:53:05 --> Unknown column 'pemilik' in 'where clause'
#0 D:\APP\CI4\cari-kost\vendor\codeigniter4\framework\system\Database\MySQLi\Connection.php(280): mysqli->query('SELECT *\nFROM `...')
#1 D:\APP\CI4\cari-kost\vendor\codeigniter4\framework\system\Database\BaseConnection.php(663): CodeIgniter\Database\MySQLi\Connection->execute('SELECT *\nFROM `...')
#2 D:\APP\CI4\cari-kost\vendor\codeigniter4\framework\system\Database\BaseConnection.php(591): CodeIgniter\Database\BaseConnection->simpleQuery('SELECT *\nFROM `...')
#3 D:\APP\CI4\cari-kost\vendor\codeigniter4\framework\system\Database\BaseBuilder.php(1428): CodeIgniter\Database\BaseConnection->query('SELECT *\nFROM `...', Array, false)
#4 D:\APP\CI4\cari-kost\app\Models\PenggunaModel.php(27): CodeIgniter\Database\BaseBuilder->get()
#5 D:\APP\CI4\cari-kost\app\Controllers\admin\Pemilik.php(23): App\Models\PenggunaModel->pemilik()
#6 D:\APP\CI4\cari-kost\vendor\codeigniter4\framework\system\CodeIgniter.php(802): App\Controllers\Admin\Pemilik->table()
#7 D:\APP\CI4\cari-kost\vendor\codeigniter4\framework\system\CodeIgniter.php(399): CodeIgniter\CodeIgniter->runController(Object(App\Controllers\Admin\Pemilik))
#8 D:\APP\CI4\cari-kost\vendor\codeigniter4\framework\system\CodeIgniter.php(317): CodeIgniter\CodeIgniter->handleRequest(NULL, Object(Config\Cache), false)
#9 D:\APP\CI4\cari-kost\public\index.php(45): CodeIgniter\CodeIgniter->run()
#10 D:\APP\CI4\cari-kost\vendor\codeigniter4\framework\system\Commands\Server\rewrite.php(43): require_once('D:\\APP\\CI4\\cari...')
#11 {main}
CRITICAL - 2021-12-07 19:53:20 --> Unknown column 'pemilik' in 'where clause'
#0 D:\APP\CI4\cari-kost\vendor\codeigniter4\framework\system\Database\MySQLi\Connection.php(280): mysqli->query('SELECT *\nFROM `...')
#1 D:\APP\CI4\cari-kost\vendor\codeigniter4\framework\system\Database\BaseConnection.php(663): CodeIgniter\Database\MySQLi\Connection->execute('SELECT *\nFROM `...')
#2 D:\APP\CI4\cari-kost\vendor\codeigniter4\framework\system\Database\BaseConnection.php(591): CodeIgniter\Database\BaseConnection->simpleQuery('SELECT *\nFROM `...')
#3 D:\APP\CI4\cari-kost\vendor\codeigniter4\framework\system\Database\BaseBuilder.php(1428): CodeIgniter\Database\BaseConnection->query('SELECT *\nFROM `...', Array, false)
#4 D:\APP\CI4\cari-kost\app\Models\PenggunaModel.php(27): CodeIgniter\Database\BaseBuilder->get()
#5 D:\APP\CI4\cari-kost\app\Controllers\admin\Pemilik.php(23): App\Models\PenggunaModel->pemilik()
#6 D:\APP\CI4\cari-kost\vendor\codeigniter4\framework\system\CodeIgniter.php(802): App\Controllers\Admin\Pemilik->table()
#7 D:\APP\CI4\cari-kost\vendor\codeigniter4\framework\system\CodeIgniter.php(399): CodeIgniter\CodeIgniter->runController(Object(App\Controllers\Admin\Pemilik))
#8 D:\APP\CI4\cari-kost\vendor\codeigniter4\framework\system\CodeIgniter.php(317): CodeIgniter\CodeIgniter->handleRequest(NULL, Object(Config\Cache), false)
#9 D:\APP\CI4\cari-kost\public\index.php(45): CodeIgniter\CodeIgniter->run()
#10 D:\APP\CI4\cari-kost\vendor\codeigniter4\framework\system\Commands\Server\rewrite.php(43): require_once('D:\\APP\\CI4\\cari...')
#11 {main}
