CRITICAL - 2021-12-06 19:11:21 --> Undefined variable $data
#0 D:\APP\CI4\cari-kost\app\Views\user\eksplor\index.php(36): CodeIgniter\Debug\Exceptions->errorHandler(2, 'Undefined varia...', 'D:\\APP\\CI4\\cari...', 36)
#1 D:\APP\CI4\cari-kost\vendor\codeigniter4\framework\system\View\View.php(214): include('D:\\APP\\CI4\\cari...')
#2 D:\APP\CI4\cari-kost\vendor\codeigniter4\framework\system\View\View.php(217): CodeIgniter\View\View->CodeIgniter\View\{closure}()
#3 D:\APP\CI4\cari-kost\vendor\codeigniter4\framework\system\Common.php(1092): CodeIgniter\View\View->render('user/eksplor/in...', Array, true)
#4 D:\APP\CI4\cari-kost\app\Controllers\Eksplor.php(17): view('user/eksplor/in...', Array)
#5 D:\APP\CI4\cari-kost\vendor\codeigniter4\framework\system\CodeIgniter.php(802): App\Controllers\Eksplor->index()
#6 D:\APP\CI4\cari-kost\vendor\codeigniter4\framework\system\CodeIgniter.php(399): CodeIgniter\CodeIgniter->runController(Object(App\Controllers\Eksplor))
#7 D:\APP\CI4\cari-kost\vendor\codeigniter4\framework\system\CodeIgniter.php(317): CodeIgniter\CodeIgniter->handleRequest(NULL, Object(Config\Cache), false)
#8 D:\APP\CI4\cari-kost\public\index.php(45): CodeIgniter\CodeIgniter->run()
#9 D:\APP\CI4\cari-kost\vendor\codeigniter4\framework\system\Commands\Server\rewrite.php(43): require_once('D:\\APP\\CI4\\cari...')
#10 {main}
CRITICAL - 2021-12-06 19:16:45 --> Call to undefined function rupiah()
#0 D:\APP\CI4\cari-kost\vendor\codeigniter4\framework\system\View\View.php(214): include()
#1 D:\APP\CI4\cari-kost\vendor\codeigniter4\framework\system\View\View.php(217): CodeIgniter\View\View->CodeIgniter\View\{closure}()
#2 D:\APP\CI4\cari-kost\vendor\codeigniter4\framework\system\Common.php(1092): CodeIgniter\View\View->render('user/eksplor/in...', Array, true)
#3 D:\APP\CI4\cari-kost\app\Controllers\Eksplor.php(18): view('user/eksplor/in...', Array)
#4 D:\APP\CI4\cari-kost\vendor\codeigniter4\framework\system\CodeIgniter.php(802): App\Controllers\Eksplor->index()
#5 D:\APP\CI4\cari-kost\vendor\codeigniter4\framework\system\CodeIgniter.php(399): CodeIgniter\CodeIgniter->runController(Object(App\Controllers\Eksplor))
#6 D:\APP\CI4\cari-kost\vendor\codeigniter4\framework\system\CodeIgniter.php(317): CodeIgniter\CodeIgniter->handleRequest(NULL, Object(Config\Cache), false)
#7 D:\APP\CI4\cari-kost\public\index.php(45): CodeIgniter\CodeIgniter->run()
#8 D:\APP\CI4\cari-kost\vendor\codeigniter4\framework\system\Commands\Server\rewrite.php(43): require_once('D:\\APP\\CI4\\cari...')
#9 {main}
CRITICAL - 2021-12-06 19:29:07 --> Undefined variable $kosts
#0 D:\APP\CI4\cari-kost\app\Controllers\Eksplor.php(13): CodeIgniter\Debug\Exceptions->errorHandler(2, 'Undefined varia...', 'D:\\APP\\CI4\\cari...', 13)
#1 D:\APP\CI4\cari-kost\vendor\codeigniter4\framework\system\CodeIgniter.php(802): App\Controllers\Eksplor->index()
#2 D:\APP\CI4\cari-kost\vendor\codeigniter4\framework\system\CodeIgniter.php(399): CodeIgniter\CodeIgniter->runController(Object(App\Controllers\Eksplor))
#3 D:\APP\CI4\cari-kost\vendor\codeigniter4\framework\system\CodeIgniter.php(317): CodeIgniter\CodeIgniter->handleRequest(NULL, Object(Config\Cache), false)
#4 D:\APP\CI4\cari-kost\public\index.php(45): CodeIgniter\CodeIgniter->run()
#5 D:\APP\CI4\cari-kost\vendor\codeigniter4\framework\system\Commands\Server\rewrite.php(43): require_once('D:\\APP\\CI4\\cari...')
#6 {main}
CRITICAL - 2021-12-06 21:13:54 --> Undefined array key "no_wa"
#0 D:\APP\CI4\cari-kost\app\Views\user\eksplor\detail.php(56): CodeIgniter\Debug\Exceptions->errorHandler(2, 'Undefined array...', 'D:\\APP\\CI4\\cari...', 56)
#1 D:\APP\CI4\cari-kost\vendor\codeigniter4\framework\system\View\View.php(214): include('D:\\APP\\CI4\\cari...')
#2 D:\APP\CI4\cari-kost\vendor\codeigniter4\framework\system\View\View.php(217): CodeIgniter\View\View->CodeIgniter\View\{closure}()
#3 D:\APP\CI4\cari-kost\vendor\codeigniter4\framework\system\Common.php(1092): CodeIgniter\View\View->render('user/eksplor/de...', Array, true)
#4 D:\APP\CI4\cari-kost\app\Controllers\Eksplor.php(18): view('user/eksplor/de...', Array)
#5 D:\APP\CI4\cari-kost\vendor\codeigniter4\framework\system\CodeIgniter.php(802): App\Controllers\Eksplor->index()
#6 D:\APP\CI4\cari-kost\vendor\codeigniter4\framework\system\CodeIgniter.php(399): CodeIgniter\CodeIgniter->runController(Object(App\Controllers\Eksplor))
#7 D:\APP\CI4\cari-kost\vendor\codeigniter4\framework\system\CodeIgniter.php(317): CodeIgniter\CodeIgniter->handleRequest(NULL, Object(Config\Cache), false)
#8 D:\APP\CI4\cari-kost\public\index.php(45): CodeIgniter\CodeIgniter->run()
#9 D:\APP\CI4\cari-kost\vendor\codeigniter4\framework\system\Commands\Server\rewrite.php(43): require_once('D:\\APP\\CI4\\cari...')
#10 {main}
CRITICAL - 2021-12-06 21:14:47 --> Undefined array key "no_wa"
#0 D:\APP\CI4\cari-kost\app\Views\user\eksplor\detail.php(56): CodeIgniter\Debug\Exceptions->errorHandler(2, 'Undefined array...', 'D:\\APP\\CI4\\cari...', 56)
#1 D:\APP\CI4\cari-kost\vendor\codeigniter4\framework\system\View\View.php(214): include('D:\\APP\\CI4\\cari...')
#2 D:\APP\CI4\cari-kost\vendor\codeigniter4\framework\system\View\View.php(217): CodeIgniter\View\View->CodeIgniter\View\{closure}()
#3 D:\APP\CI4\cari-kost\vendor\codeigniter4\framework\system\Common.php(1092): CodeIgniter\View\View->render('user/eksplor/de...', Array, true)
#4 D:\APP\CI4\cari-kost\app\Controllers\Eksplor.php(18): view('user/eksplor/de...', Array)
#5 D:\APP\CI4\cari-kost\vendor\codeigniter4\framework\system\CodeIgniter.php(802): App\Controllers\Eksplor->index()
#6 D:\APP\CI4\cari-kost\vendor\codeigniter4\framework\system\CodeIgniter.php(399): CodeIgniter\CodeIgniter->runController(Object(App\Controllers\Eksplor))
#7 D:\APP\CI4\cari-kost\vendor\codeigniter4\framework\system\CodeIgniter.php(317): CodeIgniter\CodeIgniter->handleRequest(NULL, Object(Config\Cache), false)
#8 D:\APP\CI4\cari-kost\public\index.php(45): CodeIgniter\CodeIgniter->run()
#9 D:\APP\CI4\cari-kost\vendor\codeigniter4\framework\system\Commands\Server\rewrite.php(43): require_once('D:\\APP\\CI4\\cari...')
#10 {main}
CRITICAL - 2021-12-06 21:15:36 --> Undefined array key "no_wa"
#0 D:\APP\CI4\cari-kost\app\Views\user\eksplor\detail.php(56): CodeIgniter\Debug\Exceptions->errorHandler(2, 'Undefined array...', 'D:\\APP\\CI4\\cari...', 56)
#1 D:\APP\CI4\cari-kost\vendor\codeigniter4\framework\system\View\View.php(214): include('D:\\APP\\CI4\\cari...')
#2 D:\APP\CI4\cari-kost\vendor\codeigniter4\framework\system\View\View.php(217): CodeIgniter\View\View->CodeIgniter\View\{closure}()
#3 D:\APP\CI4\cari-kost\vendor\codeigniter4\framework\system\Common.php(1092): CodeIgniter\View\View->render('user/eksplor/de...', Array, true)
#4 D:\APP\CI4\cari-kost\app\Controllers\Eksplor.php(18): view('user/eksplor/de...', Array)
#5 D:\APP\CI4\cari-kost\vendor\codeigniter4\framework\system\CodeIgniter.php(802): App\Controllers\Eksplor->index()
#6 D:\APP\CI4\cari-kost\vendor\codeigniter4\framework\system\CodeIgniter.php(399): CodeIgniter\CodeIgniter->runController(Object(App\Controllers\Eksplor))
#7 D:\APP\CI4\cari-kost\vendor\codeigniter4\framework\system\CodeIgniter.php(317): CodeIgniter\CodeIgniter->handleRequest(NULL, Object(Config\Cache), false)
#8 D:\APP\CI4\cari-kost\public\index.php(45): CodeIgniter\CodeIgniter->run()
#9 D:\APP\CI4\cari-kost\vendor\codeigniter4\framework\system\Commands\Server\rewrite.php(43): require_once('D:\\APP\\CI4\\cari...')
#10 {main}
CRITICAL - 2021-12-06 21:18:49 --> Undefined variable $kost
#0 D:\APP\CI4\cari-kost\app\Controllers\Eksplor.php(17): CodeIgniter\Debug\Exceptions->errorHandler(2, 'Undefined varia...', 'D:\\APP\\CI4\\cari...', 17)
#1 D:\APP\CI4\cari-kost\vendor\codeigniter4\framework\system\CodeIgniter.php(802): App\Controllers\Eksplor->index()
#2 D:\APP\CI4\cari-kost\vendor\codeigniter4\framework\system\CodeIgniter.php(399): CodeIgniter\CodeIgniter->runController(Object(App\Controllers\Eksplor))
#3 D:\APP\CI4\cari-kost\vendor\codeigniter4\framework\system\CodeIgniter.php(317): CodeIgniter\CodeIgniter->handleRequest(NULL, Object(Config\Cache), false)
#4 D:\APP\CI4\cari-kost\public\index.php(45): CodeIgniter\CodeIgniter->run()
#5 D:\APP\CI4\cari-kost\vendor\codeigniter4\framework\system\Commands\Server\rewrite.php(43): require_once('D:\\APP\\CI4\\cari...')
#6 {main}
CRITICAL - 2021-12-06 22:02:27 --> Call to undefined method CodeIgniter\Database\MySQLi\Connection::where()
#0 D:\APP\CI4\cari-kost\app\Helpers\number_helper.php(13): App\Models\KostModel->favorit('1', '1')
#1 D:\APP\CI4\cari-kost\app\Views\user\eksplor\index.php(42): isfav('1', '1')
#2 D:\APP\CI4\cari-kost\vendor\codeigniter4\framework\system\View\View.php(214): include('D:\\APP\\CI4\\cari...')
#3 D:\APP\CI4\cari-kost\vendor\codeigniter4\framework\system\View\View.php(217): CodeIgniter\View\View->CodeIgniter\View\{closure}()
#4 D:\APP\CI4\cari-kost\vendor\codeigniter4\framework\system\Common.php(1092): CodeIgniter\View\View->render('user/eksplor/in...', Array, true)
#5 D:\APP\CI4\cari-kost\app\Controllers\Eksplor.php(27): view('user/eksplor/in...', Array)
#6 D:\APP\CI4\cari-kost\vendor\codeigniter4\framework\system\CodeIgniter.php(802): App\Controllers\Eksplor->index()
#7 D:\APP\CI4\cari-kost\vendor\codeigniter4\framework\system\CodeIgniter.php(399): CodeIgniter\CodeIgniter->runController(Object(App\Controllers\Eksplor))
#8 D:\APP\CI4\cari-kost\vendor\codeigniter4\framework\system\CodeIgniter.php(317): CodeIgniter\CodeIgniter->handleRequest(NULL, Object(Config\Cache), false)
#9 D:\APP\CI4\cari-kost\public\index.php(45): CodeIgniter\CodeIgniter->run()
#10 D:\APP\CI4\cari-kost\vendor\codeigniter4\framework\system\Commands\Server\rewrite.php(43): require_once('D:\\APP\\CI4\\cari...')
#11 {main}
CRITICAL - 2021-12-06 23:37:31 --> Undefined array key "id"
#0 D:\APP\CI4\cari-kost\app\Views\user\eksplor\favorit.php(42): CodeIgniter\Debug\Exceptions->errorHandler(2, 'Undefined array...', 'D:\\APP\\CI4\\cari...', 42)
#1 D:\APP\CI4\cari-kost\vendor\codeigniter4\framework\system\View\View.php(214): include('D:\\APP\\CI4\\cari...')
#2 D:\APP\CI4\cari-kost\vendor\codeigniter4\framework\system\View\View.php(217): CodeIgniter\View\View->CodeIgniter\View\{closure}()
#3 D:\APP\CI4\cari-kost\vendor\codeigniter4\framework\system\Common.php(1092): CodeIgniter\View\View->render('user/eksplor/fa...', Array, true)
#4 D:\APP\CI4\cari-kost\app\Controllers\Favorit.php(15): view('user/eksplor/fa...', Array)
#5 D:\APP\CI4\cari-kost\vendor\codeigniter4\framework\system\CodeIgniter.php(802): App\Controllers\Favorit->index()
#6 D:\APP\CI4\cari-kost\vendor\codeigniter4\framework\system\CodeIgniter.php(399): CodeIgniter\CodeIgniter->runController(Object(App\Controllers\Favorit))
#7 D:\APP\CI4\cari-kost\vendor\codeigniter4\framework\system\CodeIgniter.php(317): CodeIgniter\CodeIgniter->handleRequest(NULL, Object(Config\Cache), false)
#8 D:\APP\CI4\cari-kost\public\index.php(45): CodeIgniter\CodeIgniter->run()
#9 D:\APP\CI4\cari-kost\vendor\codeigniter4\framework\system\Commands\Server\rewrite.php(43): require_once('D:\\APP\\CI4\\cari...')
#10 {main}
CRITICAL - 2021-12-06 23:57:20 --> You have an error in your SQL syntax; check the manual that corresponds to your MariaDB server version for the right syntax to use near '0) VALUES (('1','1'))' at line 1
#0 D:\APP\CI4\cari-kost\vendor\codeigniter4\framework\system\Database\MySQLi\Connection.php(280): mysqli->query('INSERT INTO `fa...')
#1 D:\APP\CI4\cari-kost\vendor\codeigniter4\framework\system\Database\BaseConnection.php(663): CodeIgniter\Database\MySQLi\Connection->execute('INSERT INTO `fa...')
#2 D:\APP\CI4\cari-kost\vendor\codeigniter4\framework\system\Database\BaseConnection.php(591): CodeIgniter\Database\BaseConnection->simpleQuery('INSERT INTO `fa...')
#3 D:\APP\CI4\cari-kost\vendor\codeigniter4\framework\system\Database\BaseBuilder.php(1733): CodeIgniter\Database\BaseConnection->query('INSERT INTO `fa...', Array, false)
#4 D:\APP\CI4\cari-kost\app\Controllers\Favorit.php(35): CodeIgniter\Database\BaseBuilder->insert(Array)
#5 D:\APP\CI4\cari-kost\vendor\codeigniter4\framework\system\CodeIgniter.php(802): App\Controllers\Favorit->set()
#6 D:\APP\CI4\cari-kost\vendor\codeigniter4\framework\system\CodeIgniter.php(399): CodeIgniter\CodeIgniter->runController(Object(App\Controllers\Favorit))
#7 D:\APP\CI4\cari-kost\vendor\codeigniter4\framework\system\CodeIgniter.php(317): CodeIgniter\CodeIgniter->handleRequest(NULL, Object(Config\Cache), false)
#8 D:\APP\CI4\cari-kost\public\index.php(45): CodeIgniter\CodeIgniter->run()
#9 D:\APP\CI4\cari-kost\vendor\codeigniter4\framework\system\Commands\Server\rewrite.php(43): require_once('D:\\APP\\CI4\\cari...')
#10 {main}
CRITICAL - 2021-12-06 23:57:30 --> You have an error in your SQL syntax; check the manual that corresponds to your MariaDB server version for the right syntax to use near '0) VALUES (('1','1'))' at line 1
#0 D:\APP\CI4\cari-kost\vendor\codeigniter4\framework\system\Database\MySQLi\Connection.php(280): mysqli->query('INSERT INTO `fa...')
#1 D:\APP\CI4\cari-kost\vendor\codeigniter4\framework\system\Database\BaseConnection.php(663): CodeIgniter\Database\MySQLi\Connection->execute('INSERT INTO `fa...')
#2 D:\APP\CI4\cari-kost\vendor\codeigniter4\framework\system\Database\BaseConnection.php(591): CodeIgniter\Database\BaseConnection->simpleQuery('INSERT INTO `fa...')
#3 D:\APP\CI4\cari-kost\vendor\codeigniter4\framework\system\Database\BaseBuilder.php(1733): CodeIgniter\Database\BaseConnection->query('INSERT INTO `fa...', Array, false)
#4 D:\APP\CI4\cari-kost\app\Controllers\Favorit.php(35): CodeIgniter\Database\BaseBuilder->insert(Array)
#5 D:\APP\CI4\cari-kost\vendor\codeigniter4\framework\system\CodeIgniter.php(802): App\Controllers\Favorit->set()
#6 D:\APP\CI4\cari-kost\vendor\codeigniter4\framework\system\CodeIgniter.php(399): CodeIgniter\CodeIgniter->runController(Object(App\Controllers\Favorit))
#7 D:\APP\CI4\cari-kost\vendor\codeigniter4\framework\system\CodeIgniter.php(317): CodeIgniter\CodeIgniter->handleRequest(NULL, Object(Config\Cache), false)
#8 D:\APP\CI4\cari-kost\public\index.php(45): CodeIgniter\CodeIgniter->run()
#9 D:\APP\CI4\cari-kost\vendor\codeigniter4\framework\system\Commands\Server\rewrite.php(43): require_once('D:\\APP\\CI4\\cari...')
#10 {main}
CRITICAL - 2021-12-06 23:57:53 --> You have an error in your SQL syntax; check the manual that corresponds to your MariaDB server version for the right syntax to use near '0) VALUES (('1','1'))' at line 1
#0 D:\APP\CI4\cari-kost\vendor\codeigniter4\framework\system\Database\MySQLi\Connection.php(280): mysqli->query('INSERT INTO `fa...')
#1 D:\APP\CI4\cari-kost\vendor\codeigniter4\framework\system\Database\BaseConnection.php(663): CodeIgniter\Database\MySQLi\Connection->execute('INSERT INTO `fa...')
#2 D:\APP\CI4\cari-kost\vendor\codeigniter4\framework\system\Database\BaseConnection.php(591): CodeIgniter\Database\BaseConnection->simpleQuery('INSERT INTO `fa...')
#3 D:\APP\CI4\cari-kost\vendor\codeigniter4\framework\system\Database\BaseBuilder.php(1733): CodeIgniter\Database\BaseConnection->query('INSERT INTO `fa...', Array, false)
#4 D:\APP\CI4\cari-kost\app\Controllers\Favorit.php(35): CodeIgniter\Database\BaseBuilder->insert(Array)
#5 D:\APP\CI4\cari-kost\vendor\codeigniter4\framework\system\CodeIgniter.php(802): App\Controllers\Favorit->set()
#6 D:\APP\CI4\cari-kost\vendor\codeigniter4\framework\system\CodeIgniter.php(399): CodeIgniter\CodeIgniter->runController(Object(App\Controllers\Favorit))
#7 D:\APP\CI4\cari-kost\vendor\codeigniter4\framework\system\CodeIgniter.php(317): CodeIgniter\CodeIgniter->handleRequest(NULL, Object(Config\Cache), false)
#8 D:\APP\CI4\cari-kost\public\index.php(45): CodeIgniter\CodeIgniter->run()
#9 D:\APP\CI4\cari-kost\vendor\codeigniter4\framework\system\Commands\Server\rewrite.php(43): require_once('D:\\APP\\CI4\\cari...')
#10 {main}
